# JRE version: Java(TM) SE Runtime Environment (20.0.2+9) (build 20.0.2+9-78)
# Java VM: Java HotSpot(TM) 64-Bit Server VM (20.0.2+9-78, mixed mode, sharing, tiered, compressed oops, compressed class ptrs, g1 gc, windows-amd64)
GC Precious Log:
 CardTable entry size: 512
 Card Set container configuration: InlinePtr #cards 5 size 8 Array Of Cards #cards 12 size 40 Howl #buckets 4 coarsen threshold 1843 Howl Bitmap #cards 512 size 80 coarsen threshold 460 Card regions per heap region 1 cards per card region 2048
 CPUs: 16 total, 16 available
 Memory: 7541M
 Large Page Support: Disabled
 NUMA Support: Disabled
 Compressed Oops: Enabled (32-bit)
 Heap Region Size: 1M
 Heap Min Capacity: 8M
 Heap Initial Capacity: 118M
 Heap Max Capacity: 1886M
 Pre-touch: Disabled
 Parallel Workers: 13
 Concurrent Workers: 3
 Concurrent Refinement Workers: 13
 Periodic GC: Disabled
Heap:
 garbage-first heap   total 106496K, used 97338K [0x000000008a200000, 0x0000000100000000)
  region size 1024K, 59 young (60416K), 1 survivors (1024K)
 Metaspace       used 63621K, committed 64064K, reserved 1114112K
  class space    used 7928K, committed 8128K, reserved 1048576K
GC Heap History (20 events):
Event: 148.602 GC heap after
{Heap after GC invocations=55 (full 0):
 garbage-first heap   total 106496K, used 38128K [0x000000008a200000, 0x0000000100000000)
  region size 1024K, 1 young (1024K), 1 survivors (1024K)
 Metaspace       used 63613K, committed 64064K, reserved 1114112K
  class space    used 7928K, committed 8128K, reserved 1048576K
}
Event: 154.513 GC heap before
{Heap before GC invocations=55 (full 0):
 garbage-first heap   total 106496K, used 97520K [0x000000008a200000, 0x0000000100000000)
  region size 1024K, 59 young (60416K), 1 survivors (1024K)
 Metaspace       used 63613K, committed 64064K, reserved 1114112K
  class space    used 7928K, committed 8128K, reserved 1048576K
}
Event: 154.514 GC heap after
{Heap after GC invocations=56 (full 0):
 garbage-first heap   total 106496K, used 38157K [0x000000008a200000, 0x0000000100000000)
  region size 1024K, 1 young (1024K), 1 survivors (1024K)
 Metaspace       used 63613K, committed 64064K, reserved 1114112K
  class space    used 7928K, committed 8128K, reserved 1048576K
}
Event: 160.917 GC heap before
{Heap before GC invocations=57 (full 0):
 garbage-first heap   total 106496K, used 97549K [0x000000008a200000, 0x0000000100000000)
  region size 1024K, 59 young (60416K), 1 survivors (1024K)
 Metaspace       used 63613K, committed 64064K, reserved 1114112K
  class space    used 7928K, committed 8128K, reserved 1048576K
}
Event: 160.917 GC heap after
{Heap after GC invocations=58 (full 0):
 garbage-first heap   total 106496K, used 38155K [0x000000008a200000, 0x0000000100000000)
  region size 1024K, 1 young (1024K), 1 survivors (1024K)
 Metaspace       used 63613K, committed 64064K, reserved 1114112K
  class space    used 7928K, committed 8128K, reserved 1048576K
}
Event: 167.156 GC heap before
{Heap before GC invocations=58 (full 0):
 garbage-first heap   total 106496K, used 97547K [0x000000008a200000, 0x0000000100000000)
  region size 1024K, 59 young (60416K), 1 survivors (1024K)
 Metaspace       used 63613K, committed 64064K, reserved 1114112K
  class space    used 7928K, committed 8128K, reserved 1048576K
}
Event: 167.171 GC heap after
{Heap after GC invocations=59 (full 0):
 garbage-first heap   total 106496K, used 37946K [0x000000008a200000, 0x0000000100000000)
  region size 1024K, 1 young (1024K), 1 survivors (1024K)
 Metaspace       used 63613K, committed 64064K, reserved 1114112K
  class space    used 7928K, committed 8128K, reserved 1048576K
}
Event: 173.452 GC heap before
{Heap before GC invocations=59 (full 0):
 garbage-first heap   total 106496K, used 97338K [0x000000008a200000, 0x0000000100000000)
  region size 1024K, 59 young (60416K), 1 survivors (1024K)
 Metaspace       used 63615K, committed 64064K, reserved 1114112K
  class space    used 7928K, committed 8128K, reserved 1048576K
}
Event: 173.454 GC heap after
{Heap after GC invocations=60 (full 0):
 garbage-first heap   total 106496K, used 37942K [0x000000008a200000, 0x0000000100000000)
  region size 1024K, 1 young (1024K), 1 survivors (1024K)
 Metaspace       used 63615K, committed 64064K, reserved 1114112K
  class space    used 7928K, committed 8128K, reserved 1048576K
}
Event: 179.682 GC heap before
{Heap before GC invocations=61 (full 0):
 garbage-first heap   total 106496K, used 97334K [0x000000008a200000, 0x0000000100000000)
  region size 1024K, 59 young (60416K), 1 survivors (1024K)
 Metaspace       used 63616K, committed 64064K, reserved 1114112K
  class space    used 7928K, committed 8128K, reserved 1048576K
}
Event: 179.683 GC heap after
{Heap after GC invocations=62 (full 0):
 garbage-first heap   total 106496K, used 37942K [0x000000008a200000, 0x0000000100000000)
  region size 1024K, 1 young (1024K), 1 survivors (1024K)
 Metaspace       used 63616K, committed 64064K, reserved 1114112K
  class space    used 7928K, committed 8128K, reserved 1048576K
}
Event: 185.621 GC heap before
{Heap before GC invocations=62 (full 0):
 garbage-first heap   total 106496K, used 97334K [0x000000008a200000, 0x0000000100000000)
  region size 1024K, 59 young (60416K), 1 survivors (1024K)
 Metaspace       used 63616K, committed 64064K, reserved 1114112K
  class space    used 7928K, committed 8128K, reserved 1048576K
}
Event: 185.622 GC heap after
{Heap after GC invocations=63 (full 0):
 garbage-first heap   total 106496K, used 37944K [0x000000008a200000, 0x0000000100000000)
  region size 1024K, 1 young (1024K), 1 survivors (1024K)
 Metaspace       used 63616K, committed 64064K, reserved 1114112K
  class space    used 7928K, committed 8128K, reserved 1048576K
}
Event: 191.782 GC heap before
{Heap before GC invocations=64 (full 0):
 garbage-first heap   total 106496K, used 97336K [0x000000008a200000, 0x0000000100000000)
  region size 1024K, 59 young (60416K), 1 survivors (1024K)
 Metaspace       used 63616K, committed 64064K, reserved 1114112K
  class space    used 7928K, committed 8128K, reserved 1048576K
}
Event: 191.783 GC heap after
{Heap after GC invocations=65 (full 0):
 garbage-first heap   total 106496K, used 37944K [0x000000008a200000, 0x0000000100000000)
  region size 1024K, 1 young (1024K), 1 survivors (1024K)
 Metaspace       used 63616K, committed 64064K, reserved 1114112K
  class space    used 7928K, committed 8128K, reserved 1048576K
}
Event: 197.845 GC heap before
{Heap before GC invocations=65 (full 0):
 garbage-first heap   total 106496K, used 97336K [0x000000008a200000, 0x0000000100000000)
  region size 1024K, 59 young (60416K), 1 survivors (1024K)
 Metaspace       used 63616K, committed 64064K, reserved 1114112K
  class space    used 7928K, committed 8128K, reserved 1048576K
}
Event: 197.846 GC heap after
{Heap after GC invocations=66 (full 0):
 garbage-first heap   total 106496K, used 37942K [0x000000008a200000, 0x0000000100000000)
  region size 1024K, 1 young (1024K), 1 survivors (1024K)
 Metaspace       used 63616K, committed 64064K, reserved 1114112K
  class space    used 7928K, committed 8128K, reserved 1048576K
}
Event: 204.127 GC heap before
{Heap before GC invocations=67 (full 0):
 garbage-first heap   total 106496K, used 97334K [0x000000008a200000, 0x0000000100000000)
  region size 1024K, 59 young (60416K), 1 survivors (1024K)
 Metaspace       used 63616K, committed 64064K, reserved 1114112K
  class space    used 7928K, committed 8128K, reserved 1048576K
}
Event: 204.128 GC heap after
{Heap after GC invocations=68 (full 0):
 garbage-first heap   total 106496K, used 37946K [0x000000008a200000, 0x0000000100000000)
  region size 1024K, 1 young (1024K), 1 survivors (1024K)
 Metaspace       used 63616K, committed 64064K, reserved 1114112K
  class space    used 7928K, committed 8128K, reserved 1048576K
}
Event: 211.774 GC heap before
{Heap before GC invocations=68 (full 0):
 garbage-first heap   total 106496K, used 97338K [0x000000008a200000, 0x0000000100000000)
  region size 1024K, 59 young (60416K), 1 survivors (1024K)
 Metaspace       used 63621K, committed 64064K, reserved 1114112K
  class space    used 7928K, committed 8128K, reserved 1048576K
}

